<?xml version="1.0" encoding="UTF-8"?>
<!-- Generated by org.testng.reporters.JUnitXMLReporter -->
<testsuite ignored="0" hostname="LAPTOP-A5IMFISJ" failures="0" tests="3" name="Submit Order Test" time="78.113" errors="0" timestamp="2024-06-23T20:15:19 IST">
  <testcase classname="SeleniumJava.tests.StandAloneTest" name="submitOrder" time="8.109"/>
  <testcase classname="SeleniumJava.tests.StandAloneTest" name="submitOrder" time="4.871"/>
  <testcase classname="SeleniumJava.tests.StandAloneTest" name="orderHistoryTest" time="2.089"/>
</testsuite> <!-- Submit Order Test -->
